<?xml version="1.0" encoding="UTF-8"?>
<robot generator="Robot 7.2 (Python 3.12.8 on win32)" generated="2025-03-02T16:56:31.825969" rpa="false" schemaversion="5">
<suite id="s1" name="Start" source="C:\ALEX QA GITHUB\Robot_web\start.robot">
<test id="s1-t1" name="login con user y password correctos" line="11">
<kw name="Open Browser" owner="SeleniumLibrary">
<msg time="2025-03-02T16:56:32.205731" level="INFO">Opening browser 'chrome' to base url 'https://opensource-demo.orangehrmlive.com/web/index.php/auth/login'.</msg>
<arg>https://opensource-demo.orangehrmlive.com/web/index.php/auth/login</arg>
<arg>chrome</arg>
<doc>Opens a new browser instance to the optional ``url``.</doc>
<status status="PASS" start="2025-03-02T16:56:32.204205" elapsed="7.356795"/>
</kw>
<kw name="Maximize Browser Window" owner="SeleniumLibrary">
<doc>Maximizes current browser window.</doc>
<status status="PASS" start="2025-03-02T16:56:39.562002" elapsed="0.023369"/>
</kw>
<kw name="Sleep" owner="BuiltIn">
<msg time="2025-03-02T16:56:54.585688" level="INFO">Slept 15 seconds.</msg>
<arg>15</arg>
<doc>Pauses the test executed for the given time.</doc>
<status status="PASS" start="2025-03-02T16:56:39.585371" elapsed="15.000317"/>
</kw>
<kw name="inputton">
<msg time="2025-03-02T16:56:54.590795" level="FAIL">No keyword with name 'inputton' found.</msg>
<arg>xpath=//button[@type='submit']</arg>
<status status="FAIL" start="2025-03-02T16:56:54.590795" elapsed="0.000000">No keyword with name 'inputton' found.</status>
</kw>
<kw name="Sleep" owner="BuiltIn">
<arg>10 text</arg>
<arg>xpath://input[@name="username"]</arg>
<arg>admin</arg>
<doc>Pauses the test executed for the given time.</doc>
<status status="NOT RUN" start="2025-03-02T16:56:54.591309" elapsed="0.000000"/>
</kw>
<kw name="Input Text" owner="SeleniumLibrary">
<arg>xpath=//input[@name='password']</arg>
<arg>admin123</arg>
<doc>Types the given ``text`` into the text field identified by ``locator``.</doc>
<status status="NOT RUN" start="2025-03-02T16:56:54.591309" elapsed="0.000000"/>
</kw>
<kw name="Click But">
<status status="NOT RUN" start="2025-03-02T16:56:54.592313" elapsed="0.000000"/>
</kw>
<kw name="Close Browser" owner="SeleniumLibrary">
<doc>Closes the current browser.</doc>
<status status="NOT RUN" start="2025-03-02T16:56:54.592816" elapsed="0.000000"/>
</kw>
<status status="FAIL" start="2025-03-02T16:56:32.204205" elapsed="22.388611">No keyword with name 'inputton' found.</status>
</test>
<test id="s1-t2" name="Abrir Página y Rellenar Formulario" line="28">
<kw name="Open Browser" owner="SeleniumLibrary">
<msg time="2025-03-02T16:56:54.594352" level="INFO">Opening browser 'chrome' to base url 'https://testautomationpractice.blogspot.com/'.</msg>
<arg>https://testautomationpractice.blogspot.com/</arg>
<arg>chrome</arg>
<doc>Opens a new browser instance to the optional ``url``.</doc>
<status status="PASS" start="2025-03-02T16:56:54.594352" elapsed="3.882988"/>
</kw>
<kw name="Maximize Browser Window" owner="SeleniumLibrary">
<doc>Maximizes current browser window.</doc>
<status status="PASS" start="2025-03-02T16:56:58.478343" elapsed="0.030984"/>
</kw>
<kw name="Set Selenium Speed" owner="SeleniumLibrary">
<arg>0.5s</arg>
<doc>Sets the delay that is waited after each Selenium command.</doc>
<status status="PASS" start="2025-03-02T16:56:58.509327" elapsed="0.001539"/>
</kw>
<kw name="Input Text" owner="SeleniumLibrary">
<msg time="2025-03-02T16:56:58.510866" level="INFO">Typing text 'Alexander' into text field 'xpath=//input[@id="name"]'.</msg>
<arg>xpath=//input[@id="name"]</arg>
<arg>Alexander</arg>
<doc>Types the given ``text`` into the text field identified by ``locator``.</doc>
<status status="PASS" start="2025-03-02T16:56:58.510866" elapsed="1.614541"/>
</kw>
<kw name="Input Text" owner="SeleniumLibrary">
<msg time="2025-03-02T16:57:00.125911" level="INFO">Typing text 'alexanderjs.pt24@gmail.com' into text field 'xpath=//input[@id="email"]'.</msg>
<arg>xpath=//input[@id="email"]</arg>
<arg>alexanderjs.pt24@gmail.com</arg>
<doc>Types the given ``text`` into the text field identified by ``locator``.</doc>
<status status="PASS" start="2025-03-02T16:57:00.125911" elapsed="1.596366"/>
</kw>
<kw name="Input Text" owner="SeleniumLibrary">
<msg time="2025-03-02T16:57:01.722780" level="INFO">Typing text '9132459817' into text field 'xpath=//input[@id="phone"]'.</msg>
<arg>xpath=//input[@id="phone"]</arg>
<arg>9132459817</arg>
<doc>Types the given ``text`` into the text field identified by ``locator``.</doc>
<status status="PASS" start="2025-03-02T16:57:01.722780" elapsed="1.603323"/>
</kw>
<kw name="Input Text" owner="SeleniumLibrary">
<msg time="2025-03-02T16:57:03.326617" level="INFO">Typing text 'AV Aveiro 2300-400' into text field 'xpath=//textarea[@id="textarea"]'.</msg>
<arg>xpath=//textarea[@id="textarea"]</arg>
<arg>AV Aveiro 2300-400</arg>
<doc>Types the given ``text`` into the text field identified by ``locator``.</doc>
<status status="PASS" start="2025-03-02T16:57:03.326617" elapsed="1.629715"/>
</kw>
<kw name="Select Radio Button" owner="SeleniumLibrary">
<msg time="2025-03-02T16:57:04.956835" level="INFO">Selecting 'male' from radio button 'gender'.</msg>
<arg>gender</arg>
<arg>male</arg>
<doc>Sets the radio button group ``group_name`` to ``value``.</doc>
<status status="PASS" start="2025-03-02T16:57:04.956835" elapsed="1.621089"/>
</kw>
<kw name="Select Checkbox" owner="SeleniumLibrary">
<msg time="2025-03-02T16:57:06.577924" level="INFO">Selecting checkbox 'xpath=//input[@id="sunday"]'.</msg>
<arg>xpath=//input[@id="sunday"]</arg>
<doc>Selects the checkbox identified by ``locator``.</doc>
<status status="PASS" start="2025-03-02T16:57:06.577924" elapsed="2.631207"/>
</kw>
<kw name="Select Checkbox" owner="SeleniumLibrary">
<msg time="2025-03-02T16:57:09.210134" level="INFO">Selecting checkbox 'xpath=//input[@id="saturday"]'.</msg>
<arg>xpath=//input[@id="saturday"]</arg>
<doc>Selects the checkbox identified by ``locator``.</doc>
<status status="PASS" start="2025-03-02T16:57:09.209131" elapsed="2.638446"/>
</kw>
<kw name="Select From List By Value" owner="SeleniumLibrary">
<msg time="2025-03-02T16:57:11.848403" level="INFO">Selecting options from selection list '//select[@id="country"]' by value germany.</msg>
<arg>//select[@id="country"]</arg>
<arg>germany</arg>
<doc>Selects options from selection list ``locator`` by ``values``.</doc>
<status status="PASS" start="2025-03-02T16:57:11.848080" elapsed="4.110698"/>
</kw>
<kw name="Select From List By Index" owner="SeleniumLibrary">
<msg time="2025-03-02T16:57:15.959282" level="INFO">Selecting options from selection list '//select[@id="colors"]' by index 2.</msg>
<arg>//select[@id="colors"]</arg>
<arg>2</arg>
<doc>Selects options from selection list ``locator`` by ``indexes``.</doc>
<status status="PASS" start="2025-03-02T16:57:15.959282" elapsed="5.654778"/>
</kw>
<kw name="Select From List By Label" owner="SeleniumLibrary">
<msg time="2025-03-02T16:57:21.616100" level="INFO">Selecting options from selection list 'xpath=//select[@id="animals"]' by label Deer.</msg>
<arg>xpath=//select[@id="animals"]</arg>
<arg>Deer</arg>
<doc>Selects options from selection list ``locator`` by ``labels``.</doc>
<status status="PASS" start="2025-03-02T16:57:21.614563" elapsed="4.100044"/>
</kw>
<kw name="Input Text" owner="SeleniumLibrary">
<msg time="2025-03-02T16:57:25.715659" level="INFO">Typing text '02/04/2025' into text field '//input[@id="datepicker"]'.</msg>
<arg>//input[@id="datepicker"]</arg>
<arg>02/04/2025</arg>
<doc>Types the given ``text`` into the text field identified by ``locator``.</doc>
<status status="PASS" start="2025-03-02T16:57:25.715131" elapsed="1.664465"/>
</kw>
<kw name="Click Element" owner="SeleniumLibrary">
<msg time="2025-03-02T16:57:27.379596" level="INFO">Clicking element '//input[@name="SelectedDate"]'.</msg>
<arg>//input[@name="SelectedDate"]</arg>
<doc>Click the element identified by ``locator``.</doc>
<status status="PASS" start="2025-03-02T16:57:27.379596" elapsed="1.157037"/>
</kw>
<kw name="Select From List By Value" owner="SeleniumLibrary">
<msg time="2025-03-02T16:57:28.538139" level="INFO">Selecting options from selection list '//select[@data-handler="selectMonth"]' by value 3.</msg>
<arg>//select[@data-handler="selectMonth"]</arg>
<arg>3</arg>
<doc>Selects options from selection list ``locator`` by ``values``.</doc>
<status status="PASS" start="2025-03-02T16:57:28.536633" elapsed="4.141974"/>
</kw>
<kw name="Select From List By Value" owner="SeleniumLibrary">
<msg time="2025-03-02T16:57:32.679120" level="INFO">Selecting options from selection list '//select[@data-handler="selectYear"]' by value 2015.</msg>
<arg>//select[@data-handler="selectYear"]</arg>
<arg>2015</arg>
<doc>Selects options from selection list ``locator`` by ``values``.</doc>
<status status="PASS" start="2025-03-02T16:57:32.679120" elapsed="4.068535"/>
</kw>
<kw name="Sleep" owner="BuiltIn">
<msg time="2025-03-02T16:57:46.748139" level="INFO">Slept 10 seconds.</msg>
<arg>10</arg>
<doc>Pauses the test executed for the given time.</doc>
<status status="PASS" start="2025-03-02T16:57:36.747655" elapsed="10.000484"/>
</kw>
<status status="PASS" start="2025-03-02T16:56:54.594352" elapsed="52.153787"/>
</test>
<status status="FAIL" start="2025-03-02T16:56:31.832074" elapsed="74.916065"/>
</suite>
<statistics>
<total>
<stat pass="1" fail="1" skip="0">All Tests</stat>
</total>
<tag>
</tag>
<suite>
<stat name="Start" id="s1" pass="1" fail="1" skip="0">Start</stat>
</suite>
</statistics>
<errors>
<msg time="2025-03-02T16:56:32.201597" level="ERROR">Error in file 'C:\ALEX QA GITHUB\Robot_web\start.robot' on line 3: Initializing library 'datetime' with no arguments failed: TypeError: function missing required argument 'year' (pos 1)
Traceback (most recent call last):
  None
TypeError: function missing required argument 'year' (pos 1)</msg>
</errors>
</robot>
